{
  "RSpec": {
    "coverage": {
      "/Users/shannonpaige/code/pictonow/app/models/user.rb": [
        1,
        null,
        1,
        0,
        null,
        0,
        0,
        0,
        0,
        0,
        0,
        0,
        null,
        0,
        0,
        null,
        null
      ],
      "/Users/shannonpaige/code/pictonow/app/controllers/application_controller.rb": [
        0,
        0,
        0,
        0,
        0,
        0,
        0,
        0,
        0,
        0
      ],
      "/Users/shannonpaige/code/pictonow/app/controllers/home_controller.rb": [
        0,
        0,
        0,
        0
      ],
      "/Users/shannonpaige/code/pictonow/app/controllers/sessions_controller.rb": [
        0,
        0,
        0,
        0,
        0,
        0,
        0,
        0,
        0,
        0,
        0,
        0,
        0,
        0,
        0,
        0,
        0,
        0,
        0,
        0,
        0
      ],
      "/Users/shannonpaige/code/pictonow/app/controllers/users_controller.rb": [
        0,
        0,
        0,
        0,
        0
      ],
      "/Users/shannonpaige/code/pictonow/app/helpers/application_helper.rb": [
        0,
        0
      ]
    },
    "timestamp": 1455691529
  }
}
